2024-04-24 13:41:26 | INFO |    OS: Windows
2024-04-24 13:41:26 | INFO |    Training Dataset filepath: ./data/zinc.csv
2024-04-24 13:41:34 | INFO |    Loading training SMILES data.
2024-04-24 13:41:42 | INFO |    Data size: torch.Size([1511811, 104])
2024-04-24 13:41:42 | INFO |    
2024-04-24 13:41:42 | INFO |    Loading validation SMILES data.
2024-04-24 13:41:42 | INFO |    Data size: torch.Size([79570, 104])
2024-04-24 13:41:42 | INFO |    
2024-04-24 13:41:42 | INFO |    All vocabulary: 
2024-04-24 13:41:42 | INFO |    ['pad', 'sos', 'eos', '[O+]', '[O]', '[OH+]', '[CH]', '(', '3', '[Se]', '[F+]', '[NH-]', 'c', '%12', '[Br+2]', '[P+]', '9', 'B', '1', '5', '[CH2+]', '[Se-]', '%10', '[PH]', '[b-]', '[SiH]', '[SH-]', '[H]', '[nH+]', '[I+3]', '[I-]', '[SeH2]', 'n', '[SiH-]', '[Cl+2]', '[nH]', '[BH-]', '[C+]', '[NH3+]', 's', '2', '[Br-]', '8', '[cH+]', '[I+]', '[SeH]', '[N+]', '[B-]', '[NH+]', '[PH2+]', 'I', '[SH]', '[SiH2]', '%11', ')', '[CH-]', 'P', '[S+]', '[P-]', '[CH2]', '[Cl+3]', 'F', '#', '[se]', '[IH2]', '[cH-]', '[N-]', '[SH+]', '[NH2+]', '[s+]', '=', 'o', '[BH3-]', '[CH+]', 'b', '[S-]', '[C-]', '7', '[Cl-]', 'N', '[c+]', '[Se+]', '[I+2]', '-', '[n+]', 'Br', '[B]', 'O', '[O-]', 'p', '6', '[Cl+]', '[o+]', 'S', '[c-]', '[BH2-]', '4', 'C', '[F-]', '[n-]', '[N]', '[se+]', '[Si]', 'Cl', '[Si-]']
2024-04-24 13:41:42 | INFO |    Shows the initial molecular SMILES of the training data.
2024-04-24 13:41:42 | INFO |    CCc1nc2cc(Cl)ccn2c1C(=O)NCc1ccc(OCc2ccc(OC(F)(F)F)cc2)cc1
2024-04-24 13:41:42 | INFO |    Convert to token.
2024-04-24 13:41:42 | INFO |    tensor([  1,  97,  97,  12,  18,  32,  12,  40,  12,  12,   7, 103,  54,  12,
         12,  32,  40,  12,  18,  97,   7,  70,  87,  54,  79,  97,  12,  18,
         12,  12,  12,   7,  87,  97,  12,  40,  12,  12,  12,   7,  87,  97,
          7,  61,  54,   7,  61,  54,  61,  54,  12,  12,  40,  54,  12,  12,
         18,   2])
2024-04-24 13:48:06 | INFO |    Training Finished!!!
2024-04-24 13:48:07 | INFO |    success rate: 0.639
