2024-04-24 13:55:37 | INFO |    OS: Windows
2024-04-24 13:55:37 | INFO |    Training Dataset filepath: ./data/zinc.csv
2024-04-24 13:55:44 | INFO |    Loading training SMILES data.
2024-04-24 13:55:53 | INFO |    Data size: torch.Size([1511811, 104])
2024-04-24 13:55:53 | INFO |    
2024-04-24 13:55:53 | INFO |    Loading validation SMILES data.
2024-04-24 13:55:53 | INFO |    Data size: torch.Size([79570, 104])
2024-04-24 13:55:53 | INFO |    
2024-04-24 13:55:53 | INFO |    All vocabulary: 
2024-04-24 13:55:53 | INFO |    ['pad', 'sos', 'eos', '#', '[S+]', '(', 'B', '[SH-]', '[N-]', '[o+]', 'O', '[IH2]', '[nH]', '[N+]', '[F-]', '[SiH-]', '2', '[Se-]', 's', 'N', '[P+]', '[O+]', '[Se+]', '[NH+]', '[Si]', 'o', '[CH]', '[I+2]', '[Cl-]', '4', '[CH-]', '[OH+]', '%11', '[NH3+]', '[C+]', '[I-]', '[SeH]', 'p', '[n+]', 'c', '[cH+]', '[Si-]', '[O-]', '[PH2+]', '[Se]', '%10', 'F', '[s+]', '[SeH2]', '[SH+]', '[c-]', '-', ')', '[S-]', '8', 'I', '[SiH]', '[NH2+]', '9', '[SiH2]', 'S', '[Br+2]', '5', '[se+]', '[O]', '[se]', '[Br-]', '3', '[cH-]', '[nH+]', '[F+]', '%12', '[c+]', '[n-]', 'Br', '=', '[PH]', '1', '[Cl+3]', 'P', '[I+]', '[BH-]', '[SH]', '7', '[BH3-]', '[C-]', '[b-]', '[Cl+2]', '[NH-]', '[BH2-]', '[CH2+]', 'C', '[I+3]', '[CH+]', '[CH2]', 'b', '[Cl+]', '[P-]', 'n', '[N]', 'Cl', '[H]', '[B]', '6', '[B-]']
2024-04-24 13:55:53 | INFO |    Shows the initial molecular SMILES of the training data.
2024-04-24 13:55:53 | INFO |    CCc1nc2cc(Cl)ccn2c1C(=O)NCc1ccc(OCc2ccc(OC(F)(F)F)cc2)cc1
2024-04-24 13:55:53 | INFO |    Convert to token.
2024-04-24 13:55:53 | INFO |    tensor([  1,  91,  91,  39,  77,  98,  39,  16,  39,  39,   5, 100,  52,  39,
         39,  98,  16,  39,  77,  91,   5,  75,  10,  52,  19,  91,  39,  77,
         39,  39,  39,   5,  10,  91,  39,  16,  39,  39,  39,   5,  10,  91,
          5,  46,  52,   5,  46,  52,  46,  52,  39,  39,  16,  52,  39,  39,
         77,   2])
2024-04-24 14:02:07 | INFO |    Training Finished!!!
2024-04-24 14:02:12 | INFO |    success rate: 0.8386
